<?xml version="1.0" encoding="UTF-8"?>
<!-- Generated by org.testng.reporters.JUnitXMLReporter -->
<testsuite ignored="0" hostname="LTIN436630" failures="0" tests="6" name="Test(failed)(failed)" time="22.72" errors="0" timestamp="2025-07-04T12:38:33 IST">
  <testcase classname="testCases.TC006_CategorySearchResults" name="categorySearch" time="6.699"/>
  <testcase classname="testCases.TC006_CategorySearchResults" name="categorySearchResults" time="1.104"/>
  <testcase classname="testCases.TC006_CategorySearchResults" name="categorySearchResults" time="0.505"/>
  <testcase classname="testCases.TC006_CategorySearchResults" name="categorySearchResults" time="0.651"/>
  <testcase classname="testCases.TC006_CategorySearchResults" name="categorySearchResults" time="0.725"/>
  <testcase classname="testCases.TC006_CategorySearchResults" name="categorySearchResults" time="0.49"/>
</testsuite> <!-- Test(failed)(failed) -->
