<?xml version="1.0" encoding="UTF-8"?>
<!-- Generated by org.testng.reporters.JUnitXMLReporter -->
<testsuite ignored="0" hostname="LTIN436630" failures="0" tests="14" name="Test" time="207.802" errors="0" timestamp="2025-07-11T10:42:01 IST">
  <testcase classname="testCases.TC001_CarWashServices" name="carWashServices" time="12.579"/>
  <testcase classname="testCases.TC002_FreeListing" name="freeListing" time="4.233"/>
  <testcase classname="testCases.TC003_GymSubMenuList" name="gymSubMenuList" time="17.258"/>
  <testcase classname="testCases.TC004_Hostels" name="hostels" time="12.412"/>
  <testcase classname="testCases.TC005_Restaurants" name="restaurants" time="13.611"/>
  <testcase classname="testCases.TC006_CategorySearchResults" name="categorySearchResults" time="1.365"/>
  <testcase classname="testCases.TC006_CategorySearchResults" name="categorySearchResults" time="0.736"/>
  <testcase classname="testCases.TC006_CategorySearchResults" name="categorySearchResults" time="1.168"/>
  <testcase classname="testCases.TC006_CategorySearchResults" name="categorySearchResults" time="0.62"/>
  <testcase classname="testCases.TC006_CategorySearchResults" name="categorySearchResults" time="0.814"/>
  <testcase classname="testCases.TC007_ExploreAreasSection" name="ExploreAreasSection" time="14.28"/>
  <testcase classname="testCases.TC008_BusBooking" name="BusBooking" time="13.751"/>
  <testcase classname="testCases.TC009_MovieBookingDetails" name="MovieBookingDetails" time="12.816"/>
  <testcase classname="testCases.TC010_MobileRecharge" name="MobileRecharge" time="13.346"/>
</testsuite> <!-- Test -->
