<?xml version="1.0" encoding="UTF-8"?>
<!-- Generated by org.testng.reporters.JUnitXMLReporter -->
<testsuite ignored="0" hostname="DESKTOP-14GEP46" failures="2" tests="2" name="Test(failed)" time="51.831" errors="0" timestamp="2025-07-09T18:02:00 IST">
  <testcase classname="testCases.TC007_ExploreAreasSection" name="ExploreAreasSection" time="21.159">
    <failure type="java.lang.AssertionError" message="null">
      <![CDATA[java.lang.AssertionError: null
at testCases.TC007_ExploreAreasSection.ExploreAreasSection(TC007_ExploreAreasSection.java:64)
at java.base/java.util.ArrayList.forEach(ArrayList.java:1596)
... Removed 27 stack frames]]>
    </failure>
  </testcase> <!-- ExploreAreasSection -->
  <testcase classname="testCases.TC005_Restaurants" name="restaurants" time="10.872">
    <failure type="java.lang.AssertionError" message="null">
      <![CDATA[java.lang.AssertionError: null
at testCases.TC005_Restaurants.restaurants(TC005_Restaurants.java:60)
at java.base/java.util.ArrayList.forEach(ArrayList.java:1596)
... Removed 27 stack frames]]>
    </failure>
  </testcase> <!-- restaurants -->
</testsuite> <!-- Test(failed) -->
