<?xml version="1.0" encoding="UTF-8"?>
<testng-results ignored="0" total="2" passed="2" failed="0" skipped="0">
  <reporter-output>
  </reporter-output>
  <suite started-at="2025-07-15T09:20:55 IST" name="CucumberSuite" finished-at="2025-07-15T09:21:36 IST" duration-ms="41422">
    <groups>
      <group name="cucumber">
        <method signature="AbstractTestNGCucumberTests.runScenario(io.cucumber.testng.PickleWrapper,io.cucumber.testng.FeatureWrapper)[pri:0, instance:testRunner.TestRunner@71529963]" name="runScenario" class="io.cucumber.testng.AbstractTestNGCucumberTests"/>
      </group> <!-- cucumber -->
    </groups>
    <test started-at="2025-07-15T09:20:55 IST" name="CarWashSearchTest" finished-at="2025-07-15T09:21:36 IST" duration-ms="41422">
      <class name="testRunner.TestRunner">
        <test-method is-config="true" signature="setUpClass(org.testng.ITestContext)[pri:0, instance:testRunner.TestRunner@71529963]" started-at="2025-07-15T09:20:55 IST" name="setUpClass" finished-at="2025-07-15T09:20:55 IST" duration-ms="837" status="PASS">
          <params>
            <param index="0">
              <value>
                <![CDATA[org.testng.TestRunner@4b2a01d4]]>
              </value>
            </param>
          </params>
          <reporter-output>
          </reporter-output>
        </test-method> <!-- setUpClass -->
        <test-method signature="runScenario(io.cucumber.testng.PickleWrapper,io.cucumber.testng.FeatureWrapper)[pri:0, instance:testRunner.TestRunner@71529963]" started-at="2025-07-15T09:20:55 IST" name="runScenario" description="Runs Cucumber Scenarios" data-provider="scenarios" finished-at="2025-07-15T09:21:22 IST" duration-ms="26831" status="PASS">
          <params>
            <param index="0">
              <value>
                <![CDATA["Display top 5 car washing services near me with high ratings and votes"]]>
              </value>
            </param>
            <param index="1">
              <value>
                <![CDATA["Car Wash Services Automation Workflows (Data-Driven via Apache POI)"]]>
              </value>
            </param>
          </params>
          <reporter-output>
          </reporter-output>
        </test-method> <!-- runScenario -->
        <test-method signature="runScenario(io.cucumber.testng.PickleWrapper,io.cucumber.testng.FeatureWrapper)[pri:0, instance:testRunner.TestRunner@71529963]" started-at="2025-07-15T09:21:22 IST" name="runScenario" description="Runs Cucumber Scenarios" data-provider="scenarios" finished-at="2025-07-15T09:21:36 IST" duration-ms="13662" status="PASS">
          <params>
            <param index="0">
              <value>
                <![CDATA["Register for Free Listing with invalid phone number and capturing the error message"]]>
              </value>
            </param>
            <param index="1">
              <value>
                <![CDATA["Car Wash"]]>
              </value>
            </param>
          </params>
          <reporter-output>
          </reporter-output>
        </test-method> <!-- runScenario -->
        <test-method is-config="true" signature="tearDownClass()[pri:0, instance:testRunner.TestRunner@71529963]" started-at="2025-07-15T09:21:36 IST" name="tearDownClass" finished-at="2025-07-15T09:21:36 IST" duration-ms="28" status="PASS">
          <reporter-output>
          </reporter-output>
        </test-method> <!-- tearDownClass -->
      </class> <!-- testRunner.TestRunner -->
    </test> <!-- CarWashSearchTest -->
  </suite> <!-- CucumberSuite -->
</testng-results>
