<?xml version="1.0" encoding="UTF-8"?>
<testng-results ignored="0" total="1" passed="1" failed="0" skipped="0">
  <reporter-output>
  </reporter-output>
  <suite started-at="2025-07-04T11:30:23 IST" name="Suite" finished-at="2025-07-04T11:30:50 IST" duration-ms="27220">
    <groups>
    </groups>
    <test started-at="2025-07-04T11:30:23 IST" name="Test" finished-at="2025-07-04T11:30:50 IST" duration-ms="27220">
      <class name="testCases.TC009_MovieBookingDetails">
        <test-method is-config="true" signature="setup(java.lang.String,java.lang.String)[pri:0, instance:testCases.TC009_MovieBookingDetails@42b3b079]" started-at="2025-07-04T11:30:23 IST" name="setup" finished-at="2025-07-04T11:30:32 IST" duration-ms="9242" status="PASS">
          <params>
            <param index="0">
              <value>
                <![CDATA[windows]]>
              </value>
            </param>
            <param index="1">
              <value>
                <![CDATA[chrome]]>
              </value>
            </param>
          </params>
          <reporter-output>
          </reporter-output>
        </test-method> <!-- setup -->
        <test-method signature="MovieBookingDetails()[pri:0, instance:testCases.TC009_MovieBookingDetails@42b3b079]" started-at="2025-07-04T11:30:32 IST" name="MovieBookingDetails" finished-at="2025-07-04T11:30:46 IST" duration-ms="13462" status="PASS">
          <reporter-output>
          </reporter-output>
        </test-method> <!-- MovieBookingDetails -->
        <test-method is-config="true" signature="tearDown()[pri:0, instance:testCases.TC009_MovieBookingDetails@42b3b079]" started-at="2025-07-04T11:30:46 IST" name="tearDown" finished-at="2025-07-04T11:30:50 IST" duration-ms="4451" status="PASS">
          <reporter-output>
          </reporter-output>
        </test-method> <!-- tearDown -->
      </class> <!-- testCases.TC009_MovieBookingDetails -->
    </test> <!-- Test -->
  </suite> <!-- Suite -->
</testng-results>
